<?xml version="1.0" encoding="UTF-8"?>
<coverage generated="1500544838777" clover="3.2.0">
  <project timestamp="1500544838777" name="All files">
    <metrics statements="73" coveredstatements="46" conditionals="29" coveredconditionals="14" methods="45" coveredmethods="21" elements="147" coveredelements="81" complexity="0" loc="73" ncloc="73" packages="11" files="13" classes="13">
      <package name="actions">
        <metrics statements="18" coveredstatements="8" conditionals="4" coveredconditionals="0" methods="14" coveredmethods="0"/>
        <file name="categoryAction.js" path="/Users/ElroyAntao/code/gousto-demo/src/shared/actions/categoryAction.js">
          <metrics statements="8" coveredstatements="3" conditionals="2" coveredconditionals="0" methods="6" coveredmethods="0"/>
          <line num="3" count="1" type="stmt"/>
          <line num="7" count="1" type="stmt"/>
          <line num="12" count="1" type="stmt"/>
          <line num="13" count="0" type="stmt"/>
          <line num="14" count="0" type="stmt"/>
          <line num="16" count="0" type="cond" truecount="0" falsecount="2"/>
          <line num="17" count="0" type="stmt"/>
          <line num="20" count="0" type="stmt"/>
        </file>
        <file name="productAction.js" path="/Users/ElroyAntao/code/gousto-demo/src/shared/actions/productAction.js">
          <metrics statements="8" coveredstatements="3" conditionals="2" coveredconditionals="0" methods="6" coveredmethods="0"/>
          <line num="3" count="1" type="stmt"/>
          <line num="7" count="1" type="stmt"/>
          <line num="12" count="1" type="stmt"/>
          <line num="13" count="0" type="stmt"/>
          <line num="14" count="0" type="stmt"/>
          <line num="16" count="0" type="cond" truecount="0" falsecount="2"/>
          <line num="17" count="0" type="stmt"/>
          <line num="20" count="0" type="stmt"/>
        </file>
        <file name="searchTermAction.js" path="/Users/ElroyAntao/code/gousto-demo/src/shared/actions/searchTermAction.js">
          <metrics statements="2" coveredstatements="2" conditionals="0" coveredconditionals="0" methods="2" coveredmethods="0"/>
          <line num="2" count="2" type="stmt"/>
          <line num="7" count="2" type="stmt"/>
        </file>
      </package>
      <package name="components.containers.CategoryContainer">
        <metrics statements="15" coveredstatements="14" conditionals="13" coveredconditionals="13" methods="8" coveredmethods="7"/>
        <file name="CategoryContainer.jsx" path="/Users/ElroyAntao/code/gousto-demo/src/shared/components/containers/CategoryContainer/CategoryContainer.jsx">
          <metrics statements="15" coveredstatements="14" conditionals="13" coveredconditionals="13" methods="8" coveredmethods="7"/>
          <line num="12" count="0" type="stmt"/>
          <line num="41" count="2" type="stmt"/>
          <line num="42" count="2" type="cond" truecount="2" falsecount="0"/>
          <line num="46" count="8" type="stmt"/>
          <line num="47" count="8" type="stmt"/>
          <line num="49" count="8" type="stmt"/>
          <line num="50" count="32" type="cond" truecount="2" falsecount="0"/>
          <line num="52" count="18" type="stmt"/>
          <line num="58" count="32" type="cond" truecount="3" falsecount="0"/>
          <line num="64" count="8" type="stmt"/>
          <line num="65" count="8" type="stmt"/>
          <line num="66" count="8" type="cond" truecount="2" falsecount="0"/>
          <line num="67" count="12" type="stmt"/>
          <line num="69" count="8" type="cond" truecount="2" falsecount="0"/>
          <line num="70" count="8" type="stmt"/>
        </file>
      </package>
      <package name="components.containers.Header">
        <metrics statements="2" coveredstatements="2" conditionals="0" coveredconditionals="0" methods="2" coveredmethods="2"/>
        <file name="Header.jsx" path="/Users/ElroyAntao/code/gousto-demo/src/shared/components/containers/Header/Header.jsx">
          <metrics statements="2" coveredstatements="2" conditionals="0" coveredconditionals="0" methods="2" coveredmethods="2"/>
          <line num="22" count="2" type="stmt"/>
          <line num="37" count="2" type="stmt"/>
        </file>
      </package>
      <package name="components.containers.MainContainer">
        <metrics statements="6" coveredstatements="5" conditionals="0" coveredconditionals="0" methods="3" coveredmethods="2"/>
        <file name="MainContainer.jsx" path="/Users/ElroyAntao/code/gousto-demo/src/shared/components/containers/MainContainer/MainContainer.jsx">
          <metrics statements="6" coveredstatements="5" conditionals="0" coveredconditionals="0" methods="3" coveredmethods="2"/>
          <line num="13" count="0" type="stmt"/>
          <line num="35" count="3" type="stmt"/>
          <line num="36" count="3" type="stmt"/>
          <line num="37" count="3" type="stmt"/>
          <line num="40" count="3" type="stmt"/>
          <line num="41" count="3" type="stmt"/>
        </file>
      </package>
      <package name="components.presentation.Accordion">
        <metrics statements="15" coveredstatements="1" conditionals="10" coveredconditionals="0" methods="7" coveredmethods="0"/>
        <file name="Accordion.jsx" path="/Users/ElroyAntao/code/gousto-demo/src/shared/components/presentation/Accordion/Accordion.jsx">
          <metrics statements="15" coveredstatements="1" conditionals="10" coveredconditionals="0" methods="7" coveredmethods="0"/>
          <line num="6" count="0" type="stmt"/>
          <line num="7" count="0" type="stmt"/>
          <line num="14" count="0" type="stmt"/>
          <line num="17" count="0" type="stmt"/>
          <line num="20" count="0" type="stmt"/>
          <line num="26" count="0" type="stmt"/>
          <line num="27" count="0" type="cond" truecount="0" falsecount="2"/>
          <line num="28" count="0" type="stmt"/>
          <line num="31" count="0" type="cond" truecount="0" falsecount="2"/>
          <line num="32" count="0" type="stmt"/>
          <line num="37" count="0" type="stmt"/>
          <line num="38" count="0" type="stmt"/>
          <line num="39" count="0" type="stmt"/>
          <line num="50" count="0" type="stmt"/>
          <line num="65" count="4" type="stmt"/>
        </file>
      </package>
      <package name="components.presentation.Home">
        <metrics statements="1" coveredstatements="1" conditionals="0" coveredconditionals="0" methods="1" coveredmethods="1"/>
        <file name="Home.jsx" path="/Users/ElroyAntao/code/gousto-demo/src/shared/components/presentation/Home/Home.jsx">
          <metrics statements="1" coveredstatements="1" conditionals="0" coveredconditionals="0" methods="1" coveredmethods="1"/>
          <line num="5" count="1" type="stmt"/>
        </file>
      </package>
      <package name="components.presentation.NoItemFound">
        <metrics statements="1" coveredstatements="1" conditionals="0" coveredconditionals="0" methods="1" coveredmethods="1"/>
        <file name="NoItemFound.jsx" path="/Users/ElroyAntao/code/gousto-demo/src/shared/components/presentation/NoItemFound/NoItemFound.jsx">
          <metrics statements="1" coveredstatements="1" conditionals="0" coveredconditionals="0" methods="1" coveredmethods="1"/>
          <line num="4" count="1" type="stmt"/>
        </file>
      </package>
      <package name="components.presentation.Product">
        <metrics statements="2" coveredstatements="2" conditionals="0" coveredconditionals="0" methods="1" coveredmethods="1"/>
        <file name="Product.jsx" path="/Users/ElroyAntao/code/gousto-demo/src/shared/components/presentation/Product/Product.jsx">
          <metrics statements="2" coveredstatements="2" conditionals="0" coveredconditionals="0" methods="1" coveredmethods="1"/>
          <line num="16" count="2" type="stmt"/>
          <line num="17" count="2" type="stmt"/>
        </file>
      </package>
      <package name="components.presentation.ProductList">
        <metrics statements="3" coveredstatements="3" conditionals="0" coveredconditionals="0" methods="2" coveredmethods="2"/>
        <file name="ProductList.jsx" path="/Users/ElroyAntao/code/gousto-demo/src/shared/components/presentation/ProductList/ProductList.jsx">
          <metrics statements="3" coveredstatements="3" conditionals="0" coveredconditionals="0" methods="2" coveredmethods="2"/>
          <line num="16" count="2" type="stmt"/>
          <line num="17" count="2" type="stmt"/>
          <line num="19" count="4" type="stmt"/>
        </file>
      </package>
      <package name="components.presentation.Search">
        <metrics statements="3" coveredstatements="3" conditionals="0" coveredconditionals="0" methods="2" coveredmethods="2"/>
        <file name="Search.jsx" path="/Users/ElroyAntao/code/gousto-demo/src/shared/components/presentation/Search/Search.jsx">
          <metrics statements="3" coveredstatements="3" conditionals="0" coveredconditionals="0" methods="2" coveredmethods="2"/>
          <line num="16" count="1" type="stmt"/>
          <line num="19" count="3" type="stmt"/>
          <line num="20" count="3" type="stmt"/>
        </file>
      </package>
      <package name="lib">
        <metrics statements="7" coveredstatements="6" conditionals="2" coveredconditionals="1" methods="4" coveredmethods="3"/>
        <file name="test-helper.js" path="/Users/ElroyAntao/code/gousto-demo/src/shared/lib/test-helper.js">
          <metrics statements="7" coveredstatements="6" conditionals="2" coveredconditionals="1" methods="4" coveredmethods="3"/>
          <line num="5" count="8" type="cond" truecount="1" falsecount="0"/>
          <line num="6" count="8" type="cond" truecount="0" falsecount="1"/>
          <line num="7" count="20" type="stmt"/>
          <line num="12" count="20" type="stmt"/>
          <line num="15" count="16" type="stmt"/>
          <line num="16" count="0" type="stmt"/>
          <line num="19" count="20" type="stmt"/>
        </file>
      </package>
    </metrics>
  </project>
</coverage>
