<?xml version="1.0" encoding="UTF-8"?>
<coverage generated="1500415839623" clover="3.2.0">
  <project timestamp="1500415839623" name="All files">
    <metrics statements="9" coveredstatements="7" conditionals="2" coveredconditionals="1" methods="6" coveredmethods="4" elements="17" coveredelements="12" complexity="0" loc="9" ncloc="9" packages="2" files="2" classes="2">
      <package name="components.containers.Header">
        <metrics statements="2" coveredstatements="1" conditionals="0" coveredconditionals="0" methods="2" coveredmethods="1"/>
        <file name="Header.jsx" path="/Users/ElroyAntao/code/gousto-demo/src/shared/components/containers/Header/Header.jsx">
          <metrics statements="2" coveredstatements="1" conditionals="0" coveredconditionals="0" methods="2" coveredmethods="1"/>
          <line num="5" count="0" type="stmt"/>
          <line num="11" count="1" type="stmt"/>
        </file>
      </package>
      <package name="lib">
        <metrics statements="7" coveredstatements="6" conditionals="2" coveredconditionals="1" methods="4" coveredmethods="3"/>
        <file name="test-helper.js" path="/Users/ElroyAntao/code/gousto-demo/src/shared/lib/test-helper.js">
          <metrics statements="7" coveredstatements="6" conditionals="2" coveredconditionals="1" methods="4" coveredmethods="3"/>
          <line num="5" count="1" type="cond" truecount="1" falsecount="0"/>
          <line num="6" count="1" type="cond" truecount="0" falsecount="1"/>
          <line num="7" count="1" type="stmt"/>
          <line num="12" count="1" type="stmt"/>
          <line num="15" count="1" type="stmt"/>
          <line num="16" count="0" type="stmt"/>
          <line num="19" count="1" type="stmt"/>
        </file>
      </package>
    </metrics>
  </project>
</coverage>
