{"/Users/ElroyAntao/code/gousto-demo/src/shared/actions/categoryAction.js": {"path":"/Users/ElroyAntao/code/gousto-demo/src/shared/actions/categoryAction.js","statementMap":{"0":{"start":{"line":3,"column":31},"end":{"line":5,"column":2}},"1":{"start":{"line":3,"column":38},"end":{"line":5,"column":1}},"2":{"start":{"line":7,"column":22},"end":{"line":10,"column":2}},"3":{"start":{"line":7,"column":39},"end":{"line":10,"column":1}},"4":{"start":{"line":12,"column":31},"end":{"line":22,"column":1}},"5":{"start":{"line":12,"column":37},"end":{"line":22,"column":1}},"6":{"start":{"line":13,"column":2},"end":{"line":13,"column":36}},"7":{"start":{"line":14,"column":2},"end":{"line":21,"column":4}},"8":{"start":{"line":16,"column":4},"end":{"line":16,"column":44}},"9":{"start":{"line":16,"column":17},"end":{"line":16,"column":44}},"10":{"start":{"line":17,"column":4},"end":{"line":17,"column":21}},"11":{"start":{"line":20,"column":4},"end":{"line":20,"column":37}}},"fnMap":{"0":{"name":"(anonymous_0)","decl":{"start":{"line":3,"column":31},"end":{"line":3,"column":32}},"loc":{"start":{"line":3,"column":38},"end":{"line":5,"column":1}},"line":3},"1":{"name":"(anonymous_1)","decl":{"start":{"line":7,"column":22},"end":{"line":7,"column":23}},"loc":{"start":{"line":7,"column":39},"end":{"line":10,"column":1}},"line":7},"2":{"name":"(anonymous_2)","decl":{"start":{"line":12,"column":31},"end":{"line":12,"column":32}},"loc":{"start":{"line":12,"column":37},"end":{"line":22,"column":1}},"line":12},"3":{"name":"(anonymous_3)","decl":{"start":{"line":12,"column":37},"end":{"line":12,"column":38}},"loc":{"start":{"line":12,"column":51},"end":{"line":22,"column":1}},"line":12},"4":{"name":"(anonymous_4)","decl":{"start":{"line":15,"column":8},"end":{"line":15,"column":9}},"loc":{"start":{"line":15,"column":17},"end":{"line":18,"column":3}},"line":15},"5":{"name":"(anonymous_5)","decl":{"start":{"line":19,"column":8},"end":{"line":19,"column":9}},"loc":{"start":{"line":19,"column":17},"end":{"line":21,"column":3}},"line":19}},"branchMap":{"0":{"loc":{"start":{"line":16,"column":4},"end":{"line":16,"column":44}},"type":"if","locations":[{"start":{"line":16,"column":4},"end":{"line":16,"column":44}},{"start":{"line":16,"column":4},"end":{"line":16,"column":44}}],"line":16}},"s":{"0":1,"1":0,"2":1,"3":0,"4":1,"5":0,"6":0,"7":0,"8":0,"9":0,"10":0,"11":0},"f":{"0":0,"1":0,"2":0,"3":0,"4":0,"5":0},"b":{"0":[0,0]},"_coverageSchema":"332fd63041d2c1bcb487cc26dd0d5f7d97098a6c","hash":"43976d966c443dc84c2a9b0b03852b5d61b8c574"}
,"/Users/ElroyAntao/code/gousto-demo/src/shared/actions/productAction.js": {"path":"/Users/ElroyAntao/code/gousto-demo/src/shared/actions/productAction.js","statementMap":{"0":{"start":{"line":3,"column":29},"end":{"line":5,"column":2}},"1":{"start":{"line":3,"column":36},"end":{"line":5,"column":1}},"2":{"start":{"line":7,"column":20},"end":{"line":10,"column":2}},"3":{"start":{"line":7,"column":35},"end":{"line":10,"column":1}},"4":{"start":{"line":12,"column":29},"end":{"line":22,"column":1}},"5":{"start":{"line":12,"column":35},"end":{"line":22,"column":1}},"6":{"start":{"line":13,"column":2},"end":{"line":13,"column":34}},"7":{"start":{"line":14,"column":2},"end":{"line":21,"column":4}},"8":{"start":{"line":16,"column":4},"end":{"line":16,"column":44}},"9":{"start":{"line":16,"column":17},"end":{"line":16,"column":44}},"10":{"start":{"line":17,"column":4},"end":{"line":17,"column":21}},"11":{"start":{"line":20,"column":4},"end":{"line":20,"column":35}}},"fnMap":{"0":{"name":"(anonymous_0)","decl":{"start":{"line":3,"column":29},"end":{"line":3,"column":30}},"loc":{"start":{"line":3,"column":36},"end":{"line":5,"column":1}},"line":3},"1":{"name":"(anonymous_1)","decl":{"start":{"line":7,"column":20},"end":{"line":7,"column":21}},"loc":{"start":{"line":7,"column":35},"end":{"line":10,"column":1}},"line":7},"2":{"name":"(anonymous_2)","decl":{"start":{"line":12,"column":29},"end":{"line":12,"column":30}},"loc":{"start":{"line":12,"column":35},"end":{"line":22,"column":1}},"line":12},"3":{"name":"(anonymous_3)","decl":{"start":{"line":12,"column":35},"end":{"line":12,"column":36}},"loc":{"start":{"line":12,"column":49},"end":{"line":22,"column":1}},"line":12},"4":{"name":"(anonymous_4)","decl":{"start":{"line":15,"column":8},"end":{"line":15,"column":9}},"loc":{"start":{"line":15,"column":17},"end":{"line":18,"column":3}},"line":15},"5":{"name":"(anonymous_5)","decl":{"start":{"line":19,"column":8},"end":{"line":19,"column":9}},"loc":{"start":{"line":19,"column":17},"end":{"line":21,"column":3}},"line":19}},"branchMap":{"0":{"loc":{"start":{"line":16,"column":4},"end":{"line":16,"column":44}},"type":"if","locations":[{"start":{"line":16,"column":4},"end":{"line":16,"column":44}},{"start":{"line":16,"column":4},"end":{"line":16,"column":44}}],"line":16}},"s":{"0":1,"1":0,"2":1,"3":0,"4":1,"5":0,"6":0,"7":0,"8":0,"9":0,"10":0,"11":0},"f":{"0":0,"1":0,"2":0,"3":0,"4":0,"5":0},"b":{"0":[0,0]},"_coverageSchema":"332fd63041d2c1bcb487cc26dd0d5f7d97098a6c","hash":"7ef5f5bf4d27c9c3fba4898e9a6db1411f2c3247"}
,"/Users/ElroyAntao/code/gousto-demo/src/shared/actions/searchTermAction.js": {"path":"/Users/ElroyAntao/code/gousto-demo/src/shared/actions/searchTermAction.js","statementMap":{"0":{"start":{"line":2,"column":29},"end":{"line":5,"column":2}},"1":{"start":{"line":2,"column":46},"end":{"line":5,"column":1}},"2":{"start":{"line":7,"column":31},"end":{"line":9,"column":2}},"3":{"start":{"line":7,"column":38},"end":{"line":9,"column":1}}},"fnMap":{"0":{"name":"(anonymous_0)","decl":{"start":{"line":2,"column":29},"end":{"line":2,"column":30}},"loc":{"start":{"line":2,"column":46},"end":{"line":5,"column":1}},"line":2},"1":{"name":"(anonymous_1)","decl":{"start":{"line":7,"column":31},"end":{"line":7,"column":32}},"loc":{"start":{"line":7,"column":38},"end":{"line":9,"column":1}},"line":7}},"branchMap":{},"s":{"0":2,"1":0,"2":2,"3":0},"f":{"0":0,"1":0},"b":{},"_coverageSchema":"332fd63041d2c1bcb487cc26dd0d5f7d97098a6c","hash":"fe82f8fe5feab38373499b109f7e9be66259c8a8"}
,"/Users/ElroyAntao/code/gousto-demo/src/shared/components/containers/CategoryContainer/CategoryContainer.jsx": {"path":"/Users/ElroyAntao/code/gousto-demo/src/shared/components/containers/CategoryContainer/CategoryContainer.jsx","statementMap":{"0":{"start":{"line":41,"column":67},"end":{"line":41,"column":77}},"1":{"start":{"line":42,"column":4},"end":{"line":42,"column":55}},"2":{"start":{"line":42,"column":38},"end":{"line":42,"column":55}},"3":{"start":{"line":46,"column":44},"end":{"line":46,"column":54}},"4":{"start":{"line":47,"column":19},"end":{"line":47,"column":43}},"5":{"start":{"line":49,"column":4},"end":{"line":54,"column":6}},"6":{"start":{"line":50,"column":6},"end":{"line":53,"column":10}},"7":{"start":{"line":52,"column":10},"end":{"line":52,"column":56}},"8":{"start":{"line":58,"column":4},"end":{"line":60,"column":22}},"9":{"start":{"line":64,"column":21},"end":{"line":64,"column":42}},"10":{"start":{"line":65,"column":61},"end":{"line":65,"column":71}},"11":{"start":{"line":66,"column":29},"end":{"line":68,"column":5}},"12":{"start":{"line":67,"column":6},"end":{"line":67,"column":45}},"13":{"start":{"line":69,"column":17},"end":{"line":69,"column":59}},"14":{"start":{"line":70,"column":4},"end":{"line":79,"column":5}},"15":{"start":{"line":12,"column":21},"end":{"line":16,"column":1}}},"fnMap":{"0":{"name":"(anonymous_0)","decl":{"start":{"line":40,"column":2},"end":{"line":40,"column":3}},"loc":{"start":{"line":40,"column":76},"end":{"line":43,"column":3}},"line":40},"1":{"name":"(anonymous_1)","decl":{"start":{"line":45,"column":2},"end":{"line":45,"column":3}},"loc":{"start":{"line":45,"column":19},"end":{"line":55,"column":3}},"line":45},"2":{"name":"(anonymous_2)","decl":{"start":{"line":49,"column":27},"end":{"line":49,"column":28}},"loc":{"start":{"line":49,"column":40},"end":{"line":54,"column":5}},"line":49},"3":{"name":"(anonymous_3)","decl":{"start":{"line":51,"column":32},"end":{"line":51,"column":33}},"loc":{"start":{"line":51,"column":46},"end":{"line":53,"column":9}},"line":51},"4":{"name":"(anonymous_4)","decl":{"start":{"line":57,"column":2},"end":{"line":57,"column":3}},"loc":{"start":{"line":57,"column":31},"end":{"line":61,"column":3}},"line":57},"5":{"name":"(anonymous_5)","decl":{"start":{"line":63,"column":2},"end":{"line":63,"column":3}},"loc":{"start":{"line":63,"column":11},"end":{"line":80,"column":3}},"line":63},"6":{"name":"(anonymous_6)","decl":{"start":{"line":66,"column":59},"end":{"line":66,"column":60}},"loc":{"start":{"line":67,"column":6},"end":{"line":67,"column":45}},"line":67},"7":{"name":"(anonymous_7)","decl":{"start":{"line":12,"column":9},"end":{"line":12,"column":10}},"loc":{"start":{"line":12,"column":21},"end":{"line":16,"column":1}},"line":12}},"branchMap":{"0":{"loc":{"start":{"line":42,"column":4},"end":{"line":42,"column":55}},"type":"if","locations":[{"start":{"line":42,"column":4},"end":{"line":42,"column":55}},{"start":{"line":42,"column":4},"end":{"line":42,"column":55}}],"line":42},"1":{"loc":{"start":{"line":50,"column":13},"end":{"line":53,"column":10}},"type":"binary-expr","locations":[{"start":{"line":50,"column":13},"end":{"line":50,"column":46}},{"start":{"line":51,"column":8},"end":{"line":53,"column":10}}],"line":50},"2":{"loc":{"start":{"line":58,"column":11},"end":{"line":60,"column":22}},"type":"binary-expr","locations":[{"start":{"line":58,"column":11},"end":{"line":58,"column":55}},{"start":{"line":59,"column":9},"end":{"line":59,"column":59}},{"start":{"line":60,"column":9},"end":{"line":60,"column":22}}],"line":58},"3":{"loc":{"start":{"line":66,"column":29},"end":{"line":68,"column":5}},"type":"binary-expr","locations":[{"start":{"line":66,"column":29},"end":{"line":66,"column":39}},{"start":{"line":66,"column":43},"end":{"line":68,"column":5}}],"line":66},"4":{"loc":{"start":{"line":69,"column":17},"end":{"line":69,"column":59}},"type":"binary-expr","locations":[{"start":{"line":69,"column":17},"end":{"line":69,"column":33}},{"start":{"line":69,"column":37},"end":{"line":69,"column":59}}],"line":69},"5":{"loc":{"start":{"line":74,"column":10},"end":{"line":76,"column":25}},"type":"cond-expr","locations":[{"start":{"line":75,"column":10},"end":{"line":75,"column":45}},{"start":{"line":76,"column":10},"end":{"line":76,"column":25}}],"line":74}},"s":{"0":2,"1":2,"2":1,"3":8,"4":8,"5":8,"6":32,"7":18,"8":32,"9":8,"10":8,"11":8,"12":12,"13":8,"14":8,"15":0},"f":{"0":2,"1":8,"2":32,"3":18,"4":32,"5":8,"6":12,"7":0},"b":{"0":[1,1],"1":[32,18],"2":[32,15,14],"3":[8,8],"4":[8,7],"5":[5,3]},"_coverageSchema":"332fd63041d2c1bcb487cc26dd0d5f7d97098a6c","hash":"234b2a4b3d770696beaca627f6c1511fe1d04d8a"}
,"/Users/ElroyAntao/code/gousto-demo/src/shared/components/containers/Header/Header.jsx": {"path":"/Users/ElroyAntao/code/gousto-demo/src/shared/components/containers/Header/Header.jsx","statementMap":{"0":{"start":{"line":22,"column":4},"end":{"line":33,"column":5}},"1":{"start":{"line":37,"column":4},"end":{"line":41,"column":5}}},"fnMap":{"0":{"name":"(anonymous_0)","decl":{"start":{"line":21,"column":2},"end":{"line":21,"column":3}},"loc":{"start":{"line":21,"column":26},"end":{"line":34,"column":3}},"line":21},"1":{"name":"(anonymous_1)","decl":{"start":{"line":36,"column":2},"end":{"line":36,"column":3}},"loc":{"start":{"line":36,"column":11},"end":{"line":42,"column":3}},"line":36}},"branchMap":{},"s":{"0":2,"1":2},"f":{"0":2,"1":2},"b":{},"_coverageSchema":"332fd63041d2c1bcb487cc26dd0d5f7d97098a6c","hash":"c607f9d6de209d523ef997e1ce079e9930d4cbc4"}
,"/Users/ElroyAntao/code/gousto-demo/src/shared/components/containers/MainContainer/MainContainer.jsx": {"path":"/Users/ElroyAntao/code/gousto-demo/src/shared/components/containers/MainContainer/MainContainer.jsx","statementMap":{"0":{"start":{"line":35,"column":47},"end":{"line":35,"column":57}},"1":{"start":{"line":36,"column":4},"end":{"line":36,"column":21}},"2":{"start":{"line":37,"column":4},"end":{"line":37,"column":19}},"3":{"start":{"line":40,"column":27},"end":{"line":40,"column":37}},"4":{"start":{"line":41,"column":4},"end":{"line":51,"column":5}},"5":{"start":{"line":13,"column":21},"end":{"line":15,"column":1}}},"fnMap":{"0":{"name":"(anonymous_0)","decl":{"start":{"line":34,"column":2},"end":{"line":34,"column":3}},"loc":{"start":{"line":34,"column":23},"end":{"line":38,"column":3}},"line":34},"1":{"name":"(anonymous_1)","decl":{"start":{"line":39,"column":2},"end":{"line":39,"column":3}},"loc":{"start":{"line":39,"column":11},"end":{"line":52,"column":3}},"line":39},"2":{"name":"(anonymous_2)","decl":{"start":{"line":13,"column":9},"end":{"line":13,"column":10}},"loc":{"start":{"line":13,"column":21},"end":{"line":15,"column":1}},"line":13}},"branchMap":{},"s":{"0":3,"1":3,"2":3,"3":3,"4":3,"5":0},"f":{"0":3,"1":3,"2":0},"b":{},"_coverageSchema":"332fd63041d2c1bcb487cc26dd0d5f7d97098a6c","hash":"f888e8f58b71e24e78f60beb407b8adf7f803aea"}
,"/Users/ElroyAntao/code/gousto-demo/src/shared/components/presentation/Accordion/Accordion.jsx": {"path":"/Users/ElroyAntao/code/gousto-demo/src/shared/components/presentation/Accordion/Accordion.jsx","statementMap":{"0":{"start":{"line":6,"column":4},"end":{"line":6,"column":16}},"1":{"start":{"line":7,"column":4},"end":{"line":10,"column":5}},"2":{"start":{"line":14,"column":4},"end":{"line":14,"column":31}},"3":{"start":{"line":17,"column":27},"end":{"line":17,"column":61}},"4":{"start":{"line":20,"column":4},"end":{"line":22,"column":6}},"5":{"start":{"line":26,"column":22},"end":{"line":26,"column":45}},"6":{"start":{"line":27,"column":4},"end":{"line":29,"column":5}},"7":{"start":{"line":28,"column":6},"end":{"line":28,"column":12}},"8":{"start":{"line":31,"column":4},"end":{"line":33,"column":5}},"9":{"start":{"line":32,"column":6},"end":{"line":32,"column":50}},"10":{"start":{"line":37,"column":33},"end":{"line":37,"column":43}},"11":{"start":{"line":38,"column":41},"end":{"line":38,"column":51}},"12":{"start":{"line":39,"column":4},"end":{"line":61,"column":5}},"13":{"start":{"line":50,"column":30},"end":{"line":50,"column":61}},"14":{"start":{"line":65,"column":0},"end":{"line":68,"column":1}}},"fnMap":{"0":{"name":"(anonymous_0)","decl":{"start":{"line":5,"column":2},"end":{"line":5,"column":3}},"loc":{"start":{"line":5,"column":21},"end":{"line":11,"column":3}},"line":5},"1":{"name":"(anonymous_1)","decl":{"start":{"line":13,"column":2},"end":{"line":13,"column":3}},"loc":{"start":{"line":13,"column":22},"end":{"line":15,"column":3}},"line":13},"2":{"name":"(anonymous_2)","decl":{"start":{"line":17,"column":21},"end":{"line":17,"column":22}},"loc":{"start":{"line":17,"column":27},"end":{"line":17,"column":61}},"line":17},"3":{"name":"(anonymous_3)","decl":{"start":{"line":19,"column":17},"end":{"line":19,"column":18}},"loc":{"start":{"line":19,"column":23},"end":{"line":23,"column":3}},"line":19},"4":{"name":"(anonymous_4)","decl":{"start":{"line":25,"column":2},"end":{"line":25,"column":3}},"loc":{"start":{"line":25,"column":25},"end":{"line":34,"column":3}},"line":25},"5":{"name":"(anonymous_5)","decl":{"start":{"line":36,"column":2},"end":{"line":36,"column":3}},"loc":{"start":{"line":36,"column":11},"end":{"line":62,"column":3}},"line":36},"6":{"name":"(anonymous_6)","decl":{"start":{"line":50,"column":15},"end":{"line":50,"column":16}},"loc":{"start":{"line":50,"column":28},"end":{"line":50,"column":63}},"line":50}},"branchMap":{"0":{"loc":{"start":{"line":27,"column":4},"end":{"line":29,"column":5}},"type":"if","locations":[{"start":{"line":27,"column":4},"end":{"line":29,"column":5}},{"start":{"line":27,"column":4},"end":{"line":29,"column":5}}],"line":27},"1":{"loc":{"start":{"line":31,"column":4},"end":{"line":33,"column":5}},"type":"if","locations":[{"start":{"line":31,"column":4},"end":{"line":33,"column":5}},{"start":{"line":31,"column":4},"end":{"line":33,"column":5}}],"line":31},"2":{"loc":{"start":{"line":44,"column":27},"end":{"line":44,"column":56}},"type":"cond-expr","locations":[{"start":{"line":44,"column":38},"end":{"line":44,"column":47}},{"start":{"line":44,"column":50},"end":{"line":44,"column":56}}],"line":44},"3":{"loc":{"start":{"line":51,"column":30},"end":{"line":51,"column":59}},"type":"cond-expr","locations":[{"start":{"line":51,"column":41},"end":{"line":51,"column":55}},{"start":{"line":51,"column":58},"end":{"line":51,"column":59}}],"line":51},"4":{"loc":{"start":{"line":53,"column":12},"end":{"line":56,"column":18}},"type":"binary-expr","locations":[{"start":{"line":53,"column":12},"end":{"line":53,"column":20}},{"start":{"line":54,"column":12},"end":{"line":56,"column":18}}],"line":53}},"s":{"0":0,"1":0,"2":0,"3":0,"4":0,"5":0,"6":0,"7":0,"8":0,"9":0,"10":0,"11":0,"12":0,"13":0,"14":4},"f":{"0":0,"1":0,"2":0,"3":0,"4":0,"5":0,"6":0},"b":{"0":[0,0],"1":[0,0],"2":[0,0],"3":[0,0],"4":[0,0]},"_coverageSchema":"332fd63041d2c1bcb487cc26dd0d5f7d97098a6c","hash":"f30d6e81cae46bb0b51e8c18203bfb2a3922ff49"}
,"/Users/ElroyAntao/code/gousto-demo/src/shared/components/presentation/Home/Home.jsx": {"path":"/Users/ElroyAntao/code/gousto-demo/src/shared/components/presentation/Home/Home.jsx","statementMap":{"0":{"start":{"line":5,"column":2},"end":{"line":10,"column":3}}},"fnMap":{"0":{"name":"Home","decl":{"start":{"line":4,"column":24},"end":{"line":4,"column":28}},"loc":{"start":{"line":4,"column":31},"end":{"line":11,"column":1}},"line":4}},"branchMap":{},"s":{"0":1},"f":{"0":1},"b":{},"_coverageSchema":"332fd63041d2c1bcb487cc26dd0d5f7d97098a6c","hash":"82e408a912aec420418eab3d46470f2e47f3b2d8"}
,"/Users/ElroyAntao/code/gousto-demo/src/shared/components/presentation/NoItemFound/NoItemFound.jsx": {"path":"/Users/ElroyAntao/code/gousto-demo/src/shared/components/presentation/NoItemFound/NoItemFound.jsx","statementMap":{"0":{"start":{"line":4,"column":2},"end":{"line":8,"column":3}}},"fnMap":{"0":{"name":"NoItemFound","decl":{"start":{"line":3,"column":24},"end":{"line":3,"column":35}},"loc":{"start":{"line":3,"column":38},"end":{"line":9,"column":1}},"line":3}},"branchMap":{},"s":{"0":1},"f":{"0":1},"b":{},"_coverageSchema":"332fd63041d2c1bcb487cc26dd0d5f7d97098a6c","hash":"68fb87f1c77f4ddc16eda413cabdf940ff8a02eb"}
,"/Users/ElroyAntao/code/gousto-demo/src/shared/components/presentation/Product/Product.jsx": {"path":"/Users/ElroyAntao/code/gousto-demo/src/shared/components/presentation/Product/Product.jsx","statementMap":{"0":{"start":{"line":16,"column":24},"end":{"line":16,"column":34}},"1":{"start":{"line":17,"column":4},"end":{"line":23,"column":5}}},"fnMap":{"0":{"name":"(anonymous_0)","decl":{"start":{"line":15,"column":2},"end":{"line":15,"column":3}},"loc":{"start":{"line":15,"column":11},"end":{"line":24,"column":3}},"line":15}},"branchMap":{},"s":{"0":2,"1":2},"f":{"0":2},"b":{},"_coverageSchema":"332fd63041d2c1bcb487cc26dd0d5f7d97098a6c","hash":"b738d65a450dc5f75939098aef752d9daf8bb285"}
,"/Users/ElroyAntao/code/gousto-demo/src/shared/components/presentation/ProductList/ProductList.jsx": {"path":"/Users/ElroyAntao/code/gousto-demo/src/shared/components/presentation/ProductList/ProductList.jsx","statementMap":{"0":{"start":{"line":16,"column":25},"end":{"line":16,"column":35}},"1":{"start":{"line":17,"column":4},"end":{"line":21,"column":5}},"2":{"start":{"line":19,"column":35},"end":{"line":19,"column":81}}},"fnMap":{"0":{"name":"(anonymous_0)","decl":{"start":{"line":15,"column":2},"end":{"line":15,"column":3}},"loc":{"start":{"line":15,"column":11},"end":{"line":22,"column":3}},"line":15},"1":{"name":"(anonymous_1)","decl":{"start":{"line":19,"column":22},"end":{"line":19,"column":23}},"loc":{"start":{"line":19,"column":35},"end":{"line":19,"column":81}},"line":19}},"branchMap":{},"s":{"0":2,"1":2,"2":4},"f":{"0":2,"1":4},"b":{},"_coverageSchema":"332fd63041d2c1bcb487cc26dd0d5f7d97098a6c","hash":"dd0808b29358bd531eac9635cc6953c5cda14ec0"}
,"/Users/ElroyAntao/code/gousto-demo/src/shared/components/presentation/Search/Search.jsx": {"path":"/Users/ElroyAntao/code/gousto-demo/src/shared/components/presentation/Search/Search.jsx","statementMap":{"0":{"start":{"line":16,"column":4},"end":{"line":16,"column":43}},"1":{"start":{"line":19,"column":27},"end":{"line":19,"column":37}},"2":{"start":{"line":20,"column":4},"end":{"line":28,"column":5}}},"fnMap":{"0":{"name":"(anonymous_0)","decl":{"start":{"line":15,"column":17},"end":{"line":15,"column":18}},"loc":{"start":{"line":15,"column":28},"end":{"line":17,"column":3}},"line":15},"1":{"name":"(anonymous_1)","decl":{"start":{"line":18,"column":2},"end":{"line":18,"column":3}},"loc":{"start":{"line":18,"column":11},"end":{"line":29,"column":3}},"line":18}},"branchMap":{},"s":{"0":1,"1":3,"2":3},"f":{"0":1,"1":3},"b":{},"_coverageSchema":"332fd63041d2c1bcb487cc26dd0d5f7d97098a6c","hash":"88e5a7b0c769e9b1213349be0df6d605bc1bf902"}
,"/Users/ElroyAntao/code/gousto-demo/src/shared/lib/test-helper.js": {"path":"/Users/ElroyAntao/code/gousto-demo/src/shared/lib/test-helper.js","statementMap":{"0":{"start":{"line":5,"column":30},"end":{"line":21,"column":1}},"1":{"start":{"line":6,"column":2},"end":{"line":20,"column":3}},"2":{"start":{"line":7,"column":20},"end":{"line":10,"column":5}},"3":{"start":{"line":12,"column":22},"end":{"line":17,"column":5}},"4":{"start":{"line":15,"column":21},"end":{"line":15,"column":36}},"5":{"start":{"line":16,"column":39},"end":{"line":16,"column":62}},"6":{"start":{"line":19,"column":4},"end":{"line":19,"column":20}}},"fnMap":{"0":{"name":"(anonymous_0)","decl":{"start":{"line":5,"column":30},"end":{"line":5,"column":31}},"loc":{"start":{"line":5,"column":64},"end":{"line":21,"column":1}},"line":5},"1":{"name":"(anonymous_1)","decl":{"start":{"line":6,"column":9},"end":{"line":6,"column":10}},"loc":{"start":{"line":6,"column":42},"end":{"line":20,"column":3}},"line":6},"2":{"name":"(anonymous_2)","decl":{"start":{"line":15,"column":15},"end":{"line":15,"column":16}},"loc":{"start":{"line":15,"column":21},"end":{"line":15,"column":36}},"line":15},"3":{"name":"(anonymous_3)","decl":{"start":{"line":16,"column":18},"end":{"line":16,"column":19}},"loc":{"start":{"line":16,"column":39},"end":{"line":16,"column":62}},"line":16}},"branchMap":{"0":{"loc":{"start":{"line":5,"column":42},"end":{"line":5,"column":59}},"type":"default-arg","locations":[{"start":{"line":5,"column":57},"end":{"line":5,"column":59}}],"line":5},"1":{"loc":{"start":{"line":6,"column":10},"end":{"line":6,"column":37}},"type":"default-arg","locations":[{"start":{"line":6,"column":35},"end":{"line":6,"column":37}}],"line":6}},"s":{"0":8,"1":8,"2":20,"3":20,"4":16,"5":0,"6":20},"f":{"0":8,"1":20,"2":16,"3":0},"b":{"0":[8],"1":[0]},"_coverageSchema":"332fd63041d2c1bcb487cc26dd0d5f7d97098a6c","hash":"90d101dab648d46e0010186fd38c06cedbcd086d"}
}
