TN:
SF:/Users/ElroyAntao/code/gousto-demo/src/shared/components/containers/Header/Header.jsx
FN:10,(anonymous_0)
FN:5,(anonymous_1)
FNF:2
FNH:1
FNDA:1,(anonymous_0)
FNDA:0,(anonymous_1)
DA:5,0
DA:11,1
LF:2
LH:1
BRF:0
BRH:0
end_of_record
TN:
SF:/Users/ElroyAntao/code/gousto-demo/src/shared/lib/test-helper.js
FN:5,(anonymous_0)
FN:6,(anonymous_1)
FN:15,(anonymous_2)
FN:16,(anonymous_3)
FNF:4
FNH:3
FNDA:1,(anonymous_0)
FNDA:1,(anonymous_1)
FNDA:1,(anonymous_2)
FNDA:0,(anonymous_3)
DA:5,1
DA:6,1
DA:7,1
DA:12,1
DA:15,1
DA:16,0
DA:19,1
LF:7
LH:6
BRDA:5,0,0,1
BRDA:6,1,0,0
BRF:2
BRH:1
end_of_record
