TN:
SF:/Users/ElroyAntao/code/gousto-demo/src/shared/actions/categoryAction.js
FN:3,(anonymous_0)
FN:7,(anonymous_1)
FN:12,(anonymous_2)
FN:12,(anonymous_3)
FN:15,(anonymous_4)
FN:19,(anonymous_5)
FNF:6
FNH:0
FNDA:0,(anonymous_0)
FNDA:0,(anonymous_1)
FNDA:0,(anonymous_2)
FNDA:0,(anonymous_3)
FNDA:0,(anonymous_4)
FNDA:0,(anonymous_5)
DA:3,1
DA:7,1
DA:12,1
DA:13,0
DA:14,0
DA:16,0
DA:17,0
DA:20,0
LF:8
LH:3
BRDA:16,0,0,0
BRDA:16,0,1,0
BRF:2
BRH:0
end_of_record
TN:
SF:/Users/ElroyAntao/code/gousto-demo/src/shared/actions/productAction.js
FN:3,(anonymous_0)
FN:7,(anonymous_1)
FN:12,(anonymous_2)
FN:12,(anonymous_3)
FN:15,(anonymous_4)
FN:19,(anonymous_5)
FNF:6
FNH:0
FNDA:0,(anonymous_0)
FNDA:0,(anonymous_1)
FNDA:0,(anonymous_2)
FNDA:0,(anonymous_3)
FNDA:0,(anonymous_4)
FNDA:0,(anonymous_5)
DA:3,1
DA:7,1
DA:12,1
DA:13,0
DA:14,0
DA:16,0
DA:17,0
DA:20,0
LF:8
LH:3
BRDA:16,0,0,0
BRDA:16,0,1,0
BRF:2
BRH:0
end_of_record
TN:
SF:/Users/ElroyAntao/code/gousto-demo/src/shared/actions/searchTermAction.js
FN:2,(anonymous_0)
FN:7,(anonymous_1)
FNF:2
FNH:0
FNDA:0,(anonymous_0)
FNDA:0,(anonymous_1)
DA:2,2
DA:7,2
LF:2
LH:2
BRF:0
BRH:0
end_of_record
TN:
SF:/Users/ElroyAntao/code/gousto-demo/src/shared/components/containers/CategoryContainer/CategoryContainer.jsx
FN:40,(anonymous_0)
FN:45,(anonymous_1)
FN:49,(anonymous_2)
FN:51,(anonymous_3)
FN:57,(anonymous_4)
FN:63,(anonymous_5)
FN:66,(anonymous_6)
FN:12,(anonymous_7)
FNF:8
FNH:7
FNDA:2,(anonymous_0)
FNDA:8,(anonymous_1)
FNDA:32,(anonymous_2)
FNDA:18,(anonymous_3)
FNDA:32,(anonymous_4)
FNDA:8,(anonymous_5)
FNDA:12,(anonymous_6)
FNDA:0,(anonymous_7)
DA:12,0
DA:41,2
DA:42,2
DA:46,8
DA:47,8
DA:49,8
DA:50,32
DA:52,18
DA:58,32
DA:64,8
DA:65,8
DA:66,8
DA:67,12
DA:69,8
DA:70,8
LF:15
LH:14
BRDA:42,0,0,1
BRDA:42,0,1,1
BRDA:50,1,0,32
BRDA:50,1,1,18
BRDA:58,2,0,32
BRDA:58,2,1,15
BRDA:58,2,2,14
BRDA:66,3,0,8
BRDA:66,3,1,8
BRDA:69,4,0,8
BRDA:69,4,1,7
BRDA:74,5,0,5
BRDA:74,5,1,3
BRF:13
BRH:13
end_of_record
TN:
SF:/Users/ElroyAntao/code/gousto-demo/src/shared/components/containers/Header/Header.jsx
FN:21,(anonymous_0)
FN:36,(anonymous_1)
FNF:2
FNH:2
FNDA:2,(anonymous_0)
FNDA:2,(anonymous_1)
DA:22,2
DA:37,2
LF:2
LH:2
BRF:0
BRH:0
end_of_record
TN:
SF:/Users/ElroyAntao/code/gousto-demo/src/shared/components/containers/MainContainer/MainContainer.jsx
FN:34,(anonymous_0)
FN:39,(anonymous_1)
FN:13,(anonymous_2)
FNF:3
FNH:2
FNDA:3,(anonymous_0)
FNDA:3,(anonymous_1)
FNDA:0,(anonymous_2)
DA:13,0
DA:35,3
DA:36,3
DA:37,3
DA:40,3
DA:41,3
LF:6
LH:5
BRF:0
BRH:0
end_of_record
TN:
SF:/Users/ElroyAntao/code/gousto-demo/src/shared/components/presentation/Accordion/Accordion.jsx
FN:5,(anonymous_0)
FN:13,(anonymous_1)
FN:17,(anonymous_2)
FN:19,(anonymous_3)
FN:25,(anonymous_4)
FN:36,(anonymous_5)
FN:50,(anonymous_6)
FNF:7
FNH:0
FNDA:0,(anonymous_0)
FNDA:0,(anonymous_1)
FNDA:0,(anonymous_2)
FNDA:0,(anonymous_3)
FNDA:0,(anonymous_4)
FNDA:0,(anonymous_5)
FNDA:0,(anonymous_6)
DA:6,0
DA:7,0
DA:14,0
DA:17,0
DA:20,0
DA:26,0
DA:27,0
DA:28,0
DA:31,0
DA:32,0
DA:37,0
DA:38,0
DA:39,0
DA:50,0
DA:65,4
LF:15
LH:1
BRDA:27,0,0,0
BRDA:27,0,1,0
BRDA:31,1,0,0
BRDA:31,1,1,0
BRDA:44,2,0,0
BRDA:44,2,1,0
BRDA:51,3,0,0
BRDA:51,3,1,0
BRDA:53,4,0,0
BRDA:53,4,1,0
BRF:10
BRH:0
end_of_record
TN:
SF:/Users/ElroyAntao/code/gousto-demo/src/shared/components/presentation/Home/Home.jsx
FN:4,Home
FNF:1
FNH:1
FNDA:1,Home
DA:5,1
LF:1
LH:1
BRF:0
BRH:0
end_of_record
TN:
SF:/Users/ElroyAntao/code/gousto-demo/src/shared/components/presentation/NoItemFound/NoItemFound.jsx
FN:3,NoItemFound
FNF:1
FNH:1
FNDA:1,NoItemFound
DA:4,1
LF:1
LH:1
BRF:0
BRH:0
end_of_record
TN:
SF:/Users/ElroyAntao/code/gousto-demo/src/shared/components/presentation/Product/Product.jsx
FN:15,(anonymous_0)
FNF:1
FNH:1
FNDA:2,(anonymous_0)
DA:16,2
DA:17,2
LF:2
LH:2
BRF:0
BRH:0
end_of_record
TN:
SF:/Users/ElroyAntao/code/gousto-demo/src/shared/components/presentation/ProductList/ProductList.jsx
FN:15,(anonymous_0)
FN:19,(anonymous_1)
FNF:2
FNH:2
FNDA:2,(anonymous_0)
FNDA:4,(anonymous_1)
DA:16,2
DA:17,2
DA:19,4
LF:3
LH:3
BRF:0
BRH:0
end_of_record
TN:
SF:/Users/ElroyAntao/code/gousto-demo/src/shared/components/presentation/Search/Search.jsx
FN:15,(anonymous_0)
FN:18,(anonymous_1)
FNF:2
FNH:2
FNDA:1,(anonymous_0)
FNDA:3,(anonymous_1)
DA:16,1
DA:19,3
DA:20,3
LF:3
LH:3
BRF:0
BRH:0
end_of_record
TN:
SF:/Users/ElroyAntao/code/gousto-demo/src/shared/lib/test-helper.js
FN:5,(anonymous_0)
FN:6,(anonymous_1)
FN:15,(anonymous_2)
FN:16,(anonymous_3)
FNF:4
FNH:3
FNDA:8,(anonymous_0)
FNDA:20,(anonymous_1)
FNDA:16,(anonymous_2)
FNDA:0,(anonymous_3)
DA:5,8
DA:6,8
DA:7,20
DA:12,20
DA:15,16
DA:16,0
DA:19,20
LF:7
LH:6
BRDA:5,0,0,8
BRDA:6,1,0,0
BRF:2
BRH:1
end_of_record
